Determining if the pthread_create exist failed with the following output:
Change Dir: /home/workspace/CppND-Route-Planning-Project/CMakeFiles/CMakeTmp

Run Build Command:"/usr/bin/make" "cmTC_152de/fast"
/usr/bin/make -f CMakeFiles/cmTC_152de.dir/build.make CMakeFiles/cmTC_152de.dir/build
make[1]: Entering directory '/home/workspace/CppND-Route-Planning-Project/CMakeFiles/CMakeTmp'
Building C object CMakeFiles/cmTC_152de.dir/CheckSymbolExists.c.o
/usr/bin/cc    -o CMakeFiles/cmTC_152de.dir/CheckSymbolExists.c.o   -c /home/workspace/CppND-Route-Planning-Project/CMakeFiles/CMakeTmp/CheckSymbolExists.c
Linking C executable cmTC_152de
/usr/local/bin/cmake -E cmake_link_script CMakeFiles/cmTC_152de.dir/link.txt --verbose=1
/usr/bin/cc      -rdynamic CMakeFiles/cmTC_152de.dir/CheckSymbolExists.c.o  -o cmTC_152de 
CMakeFiles/cmTC_152de.dir/CheckSymbolExists.c.o: In function `main':
CheckSymbolExists.c:(.text+0x16): undefined reference to `pthread_create'
collect2: error: ld returned 1 exit status
CMakeFiles/cmTC_152de.dir/build.make:86: recipe for target 'cmTC_152de' failed
make[1]: *** [cmTC_152de] Error 1
make[1]: Leaving directory '/home/workspace/CppND-Route-Planning-Project/CMakeFiles/CMakeTmp'
Makefile:121: recipe for target 'cmTC_152de/fast' failed
make: *** [cmTC_152de/fast] Error 2

File /home/workspace/CppND-Route-Planning-Project/CMakeFiles/CMakeTmp/CheckSymbolExists.c:
/* */
#include <pthread.h>

int main(int argc, char** argv)
{
  (void)argv;
#ifndef pthread_create
  return ((int*)(&pthread_create))[argc];
#else
  (void)argc;
  return 0;
#endif
}

Determining if the function pthread_create exists in the pthreads failed with the following output:
Change Dir: /home/workspace/CppND-Route-Planning-Project/CMakeFiles/CMakeTmp

Run Build Command:"/usr/bin/make" "cmTC_c2f97/fast"
/usr/bin/make -f CMakeFiles/cmTC_c2f97.dir/build.make CMakeFiles/cmTC_c2f97.dir/build
make[1]: Entering directory '/home/workspace/CppND-Route-Planning-Project/CMakeFiles/CMakeTmp'
Building C object CMakeFiles/cmTC_c2f97.dir/CheckFunctionExists.c.o
/usr/bin/cc   -DCHECK_FUNCTION_EXISTS=pthread_create   -o CMakeFiles/cmTC_c2f97.dir/CheckFunctionExists.c.o   -c /usr/local/share/cmake-3.13/Modules/CheckFunctionExists.c
Linking C executable cmTC_c2f97
/usr/local/bin/cmake -E cmake_link_script CMakeFiles/cmTC_c2f97.dir/link.txt --verbose=1
/usr/bin/cc  -DCHECK_FUNCTION_EXISTS=pthread_create    -rdynamic CMakeFiles/cmTC_c2f97.dir/CheckFunctionExists.c.o  -o cmTC_c2f97 -lpthreads 
/usr/bin/ld: cannot find -lpthreads
collect2: error: ld returned 1 exit status
CMakeFiles/cmTC_c2f97.dir/build.make:86: recipe for target 'cmTC_c2f97' failed
make[1]: *** [cmTC_c2f97] Error 1
make[1]: Leaving directory '/home/workspace/CppND-Route-Planning-Project/CMakeFiles/CMakeTmp'
Makefile:121: recipe for target 'cmTC_c2f97/fast' failed
make: *** [cmTC_c2f97/fast] Error 2


Performing C SOURCE FILE Test CMAKE_HAVE_LIBC_PTHREAD failed with the following output:
Change Dir: /home/sukhwanyun/Desktop/CppNanoDegree/RoutePlanningProject/CMakeFiles/CMakeTmp

Run Build Command(s):/usr/bin/make cmTC_a44e0/fast && /usr/bin/make -f CMakeFiles/cmTC_a44e0.dir/build.make CMakeFiles/cmTC_a44e0.dir/build
make[1]: Entering directory '/home/sukhwanyun/Desktop/CppNanoDegree/RoutePlanningProject/CMakeFiles/CMakeTmp'
Building C object CMakeFiles/cmTC_a44e0.dir/src.c.o
/usr/bin/cc   -DCMAKE_HAVE_LIBC_PTHREAD   -o CMakeFiles/cmTC_a44e0.dir/src.c.o   -c /home/sukhwanyun/Desktop/CppNanoDegree/RoutePlanningProject/CMakeFiles/CMakeTmp/src.c
Linking C executable cmTC_a44e0
/usr/local/bin/cmake -E cmake_link_script CMakeFiles/cmTC_a44e0.dir/link.txt --verbose=1
/usr/bin/cc  -DCMAKE_HAVE_LIBC_PTHREAD    -rdynamic CMakeFiles/cmTC_a44e0.dir/src.c.o  -o cmTC_a44e0 
CMakeFiles/cmTC_a44e0.dir/src.c.o: In function `main':
src.c:(.text+0x3e): undefined reference to `pthread_create'
src.c:(.text+0x4a): undefined reference to `pthread_detach'
src.c:(.text+0x5b): undefined reference to `pthread_join'
src.c:(.text+0x6f): undefined reference to `pthread_atfork'
collect2: error: ld returned 1 exit status
CMakeFiles/cmTC_a44e0.dir/build.make:86: recipe for target 'cmTC_a44e0' failed
make[1]: *** [cmTC_a44e0] Error 1
make[1]: Leaving directory '/home/sukhwanyun/Desktop/CppNanoDegree/RoutePlanningProject/CMakeFiles/CMakeTmp'
Makefile:121: recipe for target 'cmTC_a44e0/fast' failed
make: *** [cmTC_a44e0/fast] Error 2


Source file was:
#include <pthread.h>

void* test_func(void* data)
{
  return data;
}

int main(void)
{
  pthread_t thread;
  pthread_create(&thread, NULL, test_func, NULL);
  pthread_detach(thread);
  pthread_join(thread, NULL);
  pthread_atfork(NULL, NULL, NULL);
  pthread_exit(NULL);

  return 0;
}

Determining if the function pthread_create exists in the pthreads failed with the following output:
Change Dir: /home/sukhwanyun/Desktop/CppNanoDegree/RoutePlanningProject/CMakeFiles/CMakeTmp

Run Build Command(s):/usr/bin/make cmTC_300a9/fast && /usr/bin/make -f CMakeFiles/cmTC_300a9.dir/build.make CMakeFiles/cmTC_300a9.dir/build
make[1]: Entering directory '/home/sukhwanyun/Desktop/CppNanoDegree/RoutePlanningProject/CMakeFiles/CMakeTmp'
Building C object CMakeFiles/cmTC_300a9.dir/CheckFunctionExists.c.o
/usr/bin/cc   -DCHECK_FUNCTION_EXISTS=pthread_create   -o CMakeFiles/cmTC_300a9.dir/CheckFunctionExists.c.o   -c /usr/local/share/cmake-3.15/Modules/CheckFunctionExists.c
Linking C executable cmTC_300a9
/usr/local/bin/cmake -E cmake_link_script CMakeFiles/cmTC_300a9.dir/link.txt --verbose=1
/usr/bin/cc  -DCHECK_FUNCTION_EXISTS=pthread_create    -rdynamic CMakeFiles/cmTC_300a9.dir/CheckFunctionExists.c.o  -o cmTC_300a9 -lpthreads 
/usr/bin/ld: cannot find -lpthreads
collect2: error: ld returned 1 exit status
CMakeFiles/cmTC_300a9.dir/build.make:86: recipe for target 'cmTC_300a9' failed
make[1]: *** [cmTC_300a9] Error 1
make[1]: Leaving directory '/home/sukhwanyun/Desktop/CppNanoDegree/RoutePlanningProject/CMakeFiles/CMakeTmp'
Makefile:121: recipe for target 'cmTC_300a9/fast' failed
make: *** [cmTC_300a9/fast] Error 2



